{"total": {"lines":{"total":55,"covered":49,"skipped":0,"pct":89.09},"statements":{"total":55,"covered":49,"skipped":0,"pct":89.09},"functions":{"total":8,"covered":8,"skipped":0,"pct":100},"branches":{"total":34,"covered":26,"skipped":0,"pct":76.47}}
,"/Users/sadra/WebstormProjects/one-time-activation-code/src/OneTimeActivationCode.ts": {"lines":{"total":51,"covered":45,"skipped":0,"pct":88.24},"functions":{"total":6,"covered":6,"skipped":0,"pct":100},"statements":{"total":51,"covered":45,"skipped":0,"pct":88.24},"branches":{"total":32,"covered":25,"skipped":0,"pct":78.13}}
,"/Users/sadra/WebstormProjects/one-time-activation-code/src/exceptions/NotFoundKey.exception.ts": {"lines":{"total":2,"covered":2,"skipped":0,"pct":100},"functions":{"total":1,"covered":1,"skipped":0,"pct":100},"statements":{"total":2,"covered":2,"skipped":0,"pct":100},"branches":{"total":1,"covered":1,"skipped":0,"pct":100}}
,"/Users/sadra/WebstormProjects/one-time-activation-code/src/exceptions/ReachedToAttempts.exception.ts": {"lines":{"total":2,"covered":2,"skipped":0,"pct":100},"functions":{"total":1,"covered":1,"skipped":0,"pct":100},"statements":{"total":2,"covered":2,"skipped":0,"pct":100},"branches":{"total":1,"covered":0,"skipped":0,"pct":0}}
}
