TN:
SF:src/OneTimeActivationCode.ts
FN:13,(anonymous_1)
FN:80,(anonymous_2)
FN:27,(anonymous_3)
FN:38,(anonymous_4)
FN:48,(anonymous_5)
FN:63,(anonymous_6)
FNF:6
FNH:6
FNDA:15,(anonymous_1)
FNDA:1,(anonymous_2)
FNDA:3,(anonymous_3)
FNDA:10,(anonymous_4)
FNDA:7,(anonymous_5)
FNDA:6,(anonymous_6)
DA:2,1
DA:3,1
DA:4,1
DA:5,1
DA:7,1
DA:8,15
DA:9,15
DA:10,15
DA:11,15
DA:14,15
DA:15,0
DA:18,15
DA:19,4
DA:22,15
DA:23,4
DA:28,3
DA:30,3
DA:35,3
DA:39,10
DA:41,10
DA:42,2
DA:45,8
DA:49,7
DA:50,7
DA:52,6
DA:54,5
DA:55,1
DA:58,4
DA:60,4
DA:64,6
DA:66,6
DA:67,1
DA:68,1
DA:76,5
DA:77,5
DA:80,15
DA:81,1
DA:83,1
DA:84,1
DA:85,1
DA:86,0
DA:87,0
DA:90,1
DA:91,1
DA:92,1
DA:93,0
DA:94,0
DA:97,1
DA:98,1
DA:99,0
DA:102,1
LF:51
LH:45
BRDA:85,0,0,0
BRDA:85,0,1,1
BRDA:92,1,0,0
BRDA:92,1,1,1
BRDA:98,2,0,0
BRDA:98,2,1,1
BRDA:14,3,0,0
BRDA:14,3,1,15
BRDA:14,4,0,15
BRDA:14,4,1,4
BRDA:18,5,0,4
BRDA:18,5,1,11
BRDA:18,6,0,15
BRDA:18,6,1,4
BRDA:22,7,0,4
BRDA:22,7,1,11
BRDA:22,8,0,15
BRDA:22,8,1,4
BRDA:28,9,0,2
BRDA:28,9,1,1
BRDA:41,10,0,2
BRDA:41,10,1,8
BRDA:49,11,0,7
BRDA:49,11,1,0
BRDA:54,12,0,1
BRDA:54,12,1,4
BRDA:64,13,0,6
BRDA:64,13,1,0
BRDA:66,14,0,1
BRDA:66,14,1,5
BRDA:67,15,0,1
BRDA:67,15,1,0
BRF:32
BRH:25
end_of_record
TN:
SF:src/exceptions/NotFoundKey.exception.ts
FN:2,(anonymous_0)
FNF:1
FNH:1
FNDA:2,(anonymous_0)
DA:1,1
DA:3,2
LF:2
LH:2
BRDA:2,0,0,2
BRF:1
BRH:1
end_of_record
TN:
SF:src/exceptions/ReachedToAttempts.exception.ts
FN:2,(anonymous_0)
FNF:1
FNH:1
FNDA:1,(anonymous_0)
DA:1,1
DA:3,1
LF:2
LH:2
BRDA:2,0,0,0
BRF:1
BRH:0
end_of_record
